<?xml version="1.0" encoding="UTF-8"?>
<!-- Generated by org.testng.reporters.JUnitReportReporter -->
<testsuite skipped="0" hostname="user-PC" name="com.qa.test.DemoTest2" tests="4" failures="0" timestamp="25 Oct 2020 04:28:53 GMT" time="0.000" errors="0">
  <testcase name="sum1" time="0.000" classname="com.qa.test.DemoTest2"/>
  <testcase name="mul1" time="0.000" classname="com.qa.test.DemoTest2"/>
  <testcase name="div1" time="0.000" classname="com.qa.test.DemoTest2"/>
  <testcase name="sub1" time="0.000" classname="com.qa.test.DemoTest2"/>
</testsuite> <!-- com.qa.test.DemoTest2 -->
