<?xml version="1.0" encoding="UTF-8"?>
<!-- Generated by org.testng.reporters.JUnitReportReporter -->
<testsuite skipped="0" hostname="user-PC" name="com.qa.test.DemoTest3" tests="4" failures="0" timestamp="25 Oct 2020 04:28:53 GMT" time="0.000" errors="0">
  <testcase name="div2" time="0.000" classname="com.qa.test.DemoTest3"/>
  <testcase name="mul2" time="0.000" classname="com.qa.test.DemoTest3"/>
  <testcase name="sub2" time="0.000" classname="com.qa.test.DemoTest3"/>
  <testcase name="sum2" time="0.000" classname="com.qa.test.DemoTest3"/>
</testsuite> <!-- com.qa.test.DemoTest3 -->
